

============================== 2022-03-07 02:54:20.390001 | f00dbbca-03a7-4d53-b0ac-dda53fbaf36d ==============================
02:54:20.390001 [info ] [MainThread]: Running with dbt=1.0.3
02:54:20.391981 [debug] [MainThread]: running dbt with arguments Namespace(record_timing_info=None, debug=None, log_format=None, write_json=None, use_colors=None, printer_width=None, warn_error=None, version_check=None, partial_parse=None, single_threaded=False, use_experimental_parser=None, static_parser=None, profiles_dir='C:\\Users\\arind\\.dbt', send_anonymous_usage_stats=None, fail_fast=None, event_buffer_size=None, project_dir=None, profile=None, target=None, vars='{}', log_cache_events=False, project_name='dbt_project', skip_profile_setup=False, defer=None, state=None, cls=<class 'dbt.task.init.InitTask'>, which='init', rpc_method=None)
02:54:20.393972 [debug] [MainThread]: Tracking: tracking
02:54:20.506691 [debug] [MainThread]: Sending event: {'category': 'dbt', 'action': 'invocation', 'label': 'start', 'context': [<snowplow_tracker.self_describing_json.SelfDescribingJson object at 0x0000024EAA671EB0>, <snowplow_tracker.self_describing_json.SelfDescribingJson object at 0x0000024EAA671F10>, <snowplow_tracker.self_describing_json.SelfDescribingJson object at 0x0000024EAA671F40>]}
02:54:20.509663 [debug] [MainThread]: Starter project path: C:\Users\arind\AppData\Local\Programs\Python\Python39\lib\site-packages\dbt\include\starter_project
02:54:34.006277 [debug] [MainThread]: Sending event: {'category': 'dbt', 'action': 'invocation', 'label': 'end', 'context': [<snowplow_tracker.self_describing_json.SelfDescribingJson object at 0x0000024EAA671370>, <snowplow_tracker.self_describing_json.SelfDescribingJson object at 0x0000024EAA6717C0>, <snowplow_tracker.self_describing_json.SelfDescribingJson object at 0x0000024EAA6710D0>]}


============================== 2022-03-07 02:54:50.368542 | a35cfc2b-15b0-4aa1-b121-0adac6a5b3f2 ==============================
02:54:50.368542 [info ] [MainThread]: Running with dbt=1.0.3
02:54:50.369536 [debug] [MainThread]: running dbt with arguments Namespace(record_timing_info=None, debug=None, log_format=None, write_json=None, use_colors=None, printer_width=None, warn_error=None, version_check=None, partial_parse=None, single_threaded=False, use_experimental_parser=None, static_parser=None, profiles_dir='C:\\Users\\arind\\.dbt', send_anonymous_usage_stats=None, fail_fast=None, event_buffer_size=None, project_dir=None, profile=None, target=None, vars='{}', log_cache_events=False, project_name='dbt_project', skip_profile_setup=False, defer=None, state=None, cls=<class 'dbt.task.init.InitTask'>, which='init', rpc_method=None)
02:54:50.371537 [debug] [MainThread]: Tracking: tracking
02:54:50.428383 [debug] [MainThread]: Sending event: {'category': 'dbt', 'action': 'invocation', 'label': 'start', 'context': [<snowplow_tracker.self_describing_json.SelfDescribingJson object at 0x0000020D36BC1E20>, <snowplow_tracker.self_describing_json.SelfDescribingJson object at 0x0000020D36BC1C40>, <snowplow_tracker.self_describing_json.SelfDescribingJson object at 0x0000020D36BC1EB0>]}
02:54:50.431372 [info ] [MainThread]: A project called dbt_project already exists here.
02:54:50.432370 [debug] [MainThread]: Sending event: {'category': 'dbt', 'action': 'invocation', 'label': 'end', 'context': [<snowplow_tracker.self_describing_json.SelfDescribingJson object at 0x0000020D36BC1E50>, <snowplow_tracker.self_describing_json.SelfDescribingJson object at 0x0000020D36BC1C40>, <snowplow_tracker.self_describing_json.SelfDescribingJson object at 0x0000020D36BC1E20>]}


============================== 2022-03-07 02:55:25.606308 | 355edb95-4c96-47d5-8b8a-162c46b26d19 ==============================
02:55:25.606308 [info ] [MainThread]: Running with dbt=1.0.3
02:55:25.607306 [debug] [MainThread]: running dbt with arguments Namespace(record_timing_info=None, debug=None, log_format=None, write_json=None, use_colors=None, printer_width=None, warn_error=None, version_check=None, partial_parse=None, single_threaded=False, use_experimental_parser=None, static_parser=None, profiles_dir='C:\\Users\\arind\\.dbt', send_anonymous_usage_stats=None, fail_fast=None, event_buffer_size=None, project_dir=None, profile=None, target=None, vars='{}', log_cache_events=False, project_name='dbt_project', skip_profile_setup=False, defer=None, state=None, cls=<class 'dbt.task.init.InitTask'>, which='init', rpc_method=None)
02:55:25.608303 [debug] [MainThread]: Tracking: tracking
02:55:25.647200 [debug] [MainThread]: Sending event: {'category': 'dbt', 'action': 'invocation', 'label': 'start', 'context': [<snowplow_tracker.self_describing_json.SelfDescribingJson object at 0x000002A2CD401E50>, <snowplow_tracker.self_describing_json.SelfDescribingJson object at 0x000002A2CD401C70>, <snowplow_tracker.self_describing_json.SelfDescribingJson object at 0x000002A2CD401EE0>]}
02:55:25.650220 [debug] [MainThread]: Starter project path: C:\Users\arind\AppData\Local\Programs\Python\Python39\lib\site-packages\dbt\include\starter_project
02:55:32.917004 [debug] [MainThread]: Sending event: {'category': 'dbt', 'action': 'invocation', 'label': 'end', 'context': [<snowplow_tracker.self_describing_json.SelfDescribingJson object at 0x000002A2CD401400>, <snowplow_tracker.self_describing_json.SelfDescribingJson object at 0x000002A2CD401070>, <snowplow_tracker.self_describing_json.SelfDescribingJson object at 0x000002A2CD4011F0>]}


============================== 2022-03-07 03:00:24.516941 | 2221eace-87fd-45ad-92c5-c63c7ea9f3a7 ==============================
03:00:24.516941 [info ] [MainThread]: Running with dbt=1.0.3
03:00:24.517938 [debug] [MainThread]: running dbt with arguments Namespace(record_timing_info=None, debug=None, log_format=None, write_json=None, use_colors=None, printer_width=None, warn_error=None, version_check=None, partial_parse=None, single_threaded=False, use_experimental_parser=None, static_parser=None, profiles_dir='C:\\Users\\arind\\.dbt', send_anonymous_usage_stats=None, fail_fast=None, event_buffer_size=None, project_dir=None, profile=None, target=None, vars='{}', log_cache_events=False, project_name='dbt_project', skip_profile_setup=False, defer=None, state=None, cls=<class 'dbt.task.init.InitTask'>, which='init', rpc_method=None)
03:00:24.518935 [debug] [MainThread]: Tracking: tracking
03:00:24.557831 [debug] [MainThread]: Sending event: {'category': 'dbt', 'action': 'invocation', 'label': 'start', 'context': [<snowplow_tracker.self_describing_json.SelfDescribingJson object at 0x0000021F36941DF0>, <snowplow_tracker.self_describing_json.SelfDescribingJson object at 0x0000021F36941C10>, <snowplow_tracker.self_describing_json.SelfDescribingJson object at 0x0000021F36941E80>]}
03:00:24.559826 [debug] [MainThread]: Starter project path: C:\Users\arind\AppData\Local\Programs\Python\Python39\lib\site-packages\dbt\include\starter_project
03:09:00.044942 [info ] [MainThread]: Profile dbt_project written to C:\Users\arind\.dbt\profiles.yml using target's profile_template.yml and your supplied values. Run 'dbt debug' to validate the connection.
03:09:00.046935 [info ] [MainThread]: 
Your new dbt project "dbt_project" was created!

For more information on how to configure the profiles.yml file,
please consult the dbt documentation here:

  https://docs.getdbt.com/docs/configure-your-profile

One more thing:

Need help? Don't hesitate to reach out to us via GitHub issues or on Slack:

  https://community.getdbt.com/

Happy modeling!

03:09:00.051925 [debug] [MainThread]: Sending event: {'category': 'dbt', 'action': 'invocation', 'label': 'end', 'context': [<snowplow_tracker.self_describing_json.SelfDescribingJson object at 0x0000021F3660BD60>, <snowplow_tracker.self_describing_json.SelfDescribingJson object at 0x0000021F3660BFA0>, <snowplow_tracker.self_describing_json.SelfDescribingJson object at 0x0000021F38617DC0>]}


============================== 2022-03-07 03:22:27.040732 | efc34dce-d1f7-473c-a1e7-7a2268068bda ==============================
03:22:27.040732 [info ] [MainThread]: Running with dbt=1.0.3
03:22:27.041713 [debug] [MainThread]: running dbt with arguments Namespace(record_timing_info=None, debug=None, log_format=None, write_json=None, use_colors=None, printer_width=None, warn_error=None, version_check=None, partial_parse=None, single_threaded=False, use_experimental_parser=None, static_parser=None, profiles_dir='C:\\Users\\arind\\.dbt', send_anonymous_usage_stats=None, fail_fast=None, event_buffer_size=None, project_dir=None, profile=None, target=None, vars='{}', log_cache_events=False, config_dir=False, defer=None, state=None, cls=<class 'dbt.task.debug.DebugTask'>, which='debug', rpc_method=None)
03:22:27.042712 [debug] [MainThread]: Tracking: tracking
03:22:27.091583 [debug] [MainThread]: Sending event: {'category': 'dbt', 'action': 'invocation', 'label': 'start', 'context': [<snowplow_tracker.self_describing_json.SelfDescribingJson object at 0x0000017B8315A040>, <snowplow_tracker.self_describing_json.SelfDescribingJson object at 0x0000017B8315A310>, <snowplow_tracker.self_describing_json.SelfDescribingJson object at 0x0000017B8315A340>]}
03:22:28.072958 [debug] [MainThread]: Executing "git --help"
03:22:28.189645 [debug] [MainThread]: STDOUT: "b"usage: git [--version] [--help] [-C <path>] [-c name=value]\n           [--exec-path[=<path>]] [--html-path] [--man-path] [--info-path]\n           [-p | --paginate | --no-pager] [--no-replace-objects] [--bare]\n           [--git-dir=<path>] [--work-tree=<path>] [--namespace=<name>]\n           <command> [<args>]\n\nThese are common Git commands used in various situations:\n\nstart a working area (see also: git help tutorial)\n   clone      Clone a repository into a new directory\n   init       Create an empty Git repository or reinitialize an existing one\n\nwork on the current change (see also: git help everyday)\n   add        Add file contents to the index\n   mv         Move or rename a file, a directory, or a symlink\n   reset      Reset current HEAD to the specified state\n   rm         Remove files from the working tree and from the index\n\nexamine the history and state (see also: git help revisions)\n   bisect     Use binary search to find the commit that introduced a bug\n   grep       Print lines matching a pattern\n   log        Show commit logs\n   show       Show various types of objects\n   status     Show the working tree status\n\ngrow, mark and tweak your common history\n   branch     List, create, or delete branches\n   checkout   Switch branches or restore working tree files\n   commit     Record changes to the repository\n   diff       Show changes between commits, commit and working tree, etc\n   merge      Join two or more development histories together\n   rebase     Reapply commits on top of another base tip\n   tag        Create, list, delete or verify a tag object signed with GPG\n\ncollaborate (see also: git help workflows)\n   fetch      Download objects and refs from another repository\n   pull       Fetch from and integrate with another repository or a local branch\n   push       Update remote refs along with associated objects\n\n'git help -a' and 'git help -g' list available subcommands and some\nconcept guides. See 'git help <command>' or 'git help <concept>'\nto read about a specific subcommand or concept.\n""
03:22:28.190644 [debug] [MainThread]: STDERR: "b''"
03:22:28.227545 [debug] [MainThread]: Acquiring new snowflake connection "debug"
03:22:28.230536 [debug] [MainThread]: Using snowflake connection "debug"
03:22:28.231534 [debug] [MainThread]: On debug: select 1 as id
03:22:28.231534 [debug] [MainThread]: Opening a new connection, currently in state init
03:22:47.399190 [debug] [MainThread]: SQL status: SUCCESS 1 in 19.17 seconds
03:22:47.404192 [debug] [MainThread]: On debug: Close
03:22:47.566739 [debug] [MainThread]: Sending event: {'category': 'dbt', 'action': 'invocation', 'label': 'end', 'context': [<snowplow_tracker.self_describing_json.SelfDescribingJson object at 0x0000017B83181310>, <snowplow_tracker.self_describing_json.SelfDescribingJson object at 0x0000017B84E88520>, <snowplow_tracker.self_describing_json.SelfDescribingJson object at 0x0000017B84E88820>]}
03:22:47.719332 [debug] [MainThread]: Connection 'debug' was properly closed.
